Welcome to the CBC MILP Solver 
Version: 2.10.12 
Build Date: Aug 20 2024 

command line - /opt/homebrew/bin/cbc computational_data/real_data/lp/iris_trial_003_margin.lp seconds 10.0 solve solu computational_data/real_data/solutions/iris_trial_003_margin.sol (default strategy 1)
 CoinLpIO::readLp(): Maximization problem reformulated as minimization
Coin0009I Switching back to maximization to get correct duals etc
seconds was changed from 1e+100 to 10
Continuous objective value is 30.0049 - 0.00 seconds
Cgl0003I 0 fixed, 0 tightened bounds, 108 strengthened rows, 0 substitutions
Cgl0003I 0 fixed, 0 tightened bounds, 104 strengthened rows, 0 substitutions
Cgl0003I 0 fixed, 0 tightened bounds, 96 strengthened rows, 0 substitutions
Cgl0003I 0 fixed, 0 tightened bounds, 87 strengthened rows, 0 substitutions
Cgl0003I 0 fixed, 0 tightened bounds, 77 strengthened rows, 0 substitutions
Cgl0003I 0 fixed, 0 tightened bounds, 67 strengthened rows, 0 substitutions
Cgl0003I 0 fixed, 0 tightened bounds, 36 strengthened rows, 0 substitutions
Cgl0003I 0 fixed, 0 tightened bounds, 22 strengthened rows, 0 substitutions
Cgl0003I 0 fixed, 0 tightened bounds, 19 strengthened rows, 0 substitutions
Cgl0004I processed model has 111 rows, 35 columns (35 integer (35 of which binary)) and 958 elements
Cbc0038I Initial state - 0 integers unsatisfied sum - 1.11022e-16
Cbc0038I Solution found of 30.0049
Cbc0038I Before mini branch and bound, 35 integers at bound fixed and 0 continuous
Cbc0038I Mini branch and bound did not improve solution (0.01 seconds)
Cbc0038I After 0.01 seconds - Feasibility pump exiting with objective of 30.0049 - took 0.00 seconds
Cbc0012I Integer solution of 30.004901 found by feasibility pump after 0 iterations and 0 nodes (0.01 seconds)
Cbc0001I Search completed - best objective 30.004901, took 0 iterations and 0 nodes (0.01 seconds)
Cbc0035I Maximum depth 0, 0 variables fixed on reduced cost
Cuts at root node changed objective from 30.0049 to 30.0049
Probing was tried 0 times and created 0 cuts of which 0 were active after adding rounds of cuts (0.000 seconds)
Gomory was tried 0 times and created 0 cuts of which 0 were active after adding rounds of cuts (0.000 seconds)
Knapsack was tried 0 times and created 0 cuts of which 0 were active after adding rounds of cuts (0.000 seconds)
Clique was tried 0 times and created 0 cuts of which 0 were active after adding rounds of cuts (0.000 seconds)
MixedIntegerRounding2 was tried 0 times and created 0 cuts of which 0 were active after adding rounds of cuts (0.000 seconds)
FlowCover was tried 0 times and created 0 cuts of which 0 were active after adding rounds of cuts (0.000 seconds)
TwoMirCuts was tried 0 times and created 0 cuts of which 0 were active after adding rounds of cuts (0.000 seconds)
ZeroHalf was tried 0 times and created 0 cuts of which 0 were active after adding rounds of cuts (0.000 seconds)

Result - Optimal solution found

Objective value:                30.00490100
Enumerated nodes:               0
Total iterations:               0
Time (CPU seconds):             0.01
Time (Wallclock seconds):       0.01

Total time (CPU seconds):       0.01   (Wallclock seconds):       0.01

