Welcome to the CBC MILP Solver 
Version: 2.10.12 
Build Date: Aug 20 2024 

command line - /opt/homebrew/bin/cbc computational_data/real_data/lp/iris_trial_006_margin.lp seconds 10.0 solve solu computational_data/real_data/solutions/iris_trial_006_margin.sol (default strategy 1)
 CoinLpIO::readLp(): Maximization problem reformulated as minimization
Coin0009I Switching back to maximization to get correct duals etc
seconds was changed from 1e+100 to 10
Continuous objective value is 29.577 - 0.00 seconds
Cgl0003I 0 fixed, 0 tightened bounds, 87 strengthened rows, 0 substitutions
Cgl0003I 0 fixed, 0 tightened bounds, 59 strengthened rows, 0 substitutions
Cgl0003I 0 fixed, 0 tightened bounds, 57 strengthened rows, 0 substitutions
Cgl0003I 0 fixed, 0 tightened bounds, 35 strengthened rows, 0 substitutions
Cgl0003I 0 fixed, 0 tightened bounds, 20 strengthened rows, 0 substitutions
Cgl0003I 0 fixed, 0 tightened bounds, 15 strengthened rows, 0 substitutions
Cgl0003I 0 fixed, 0 tightened bounds, 7 strengthened rows, 0 substitutions
Cgl0003I 0 fixed, 0 tightened bounds, 3 strengthened rows, 0 substitutions
Cgl0003I 0 fixed, 0 tightened bounds, 2 strengthened rows, 0 substitutions
Cgl0004I processed model has 74 rows, 35 columns (35 integer (35 of which binary)) and 589 elements
Cbc0038I Initial state - 31 integers unsatisfied sum - 5.69841
Cbc0038I Pass   1: suminf.    4.00000 (19) obj. 28.6722 iterations 20
Cbc0038I Pass   2: suminf.    3.93878 (25) obj. 28.6382 iterations 4
Cbc0038I Pass   3: suminf.    3.33333 (20) obj. 26.0055 iterations 14
Cbc0038I Pass   4: suminf.    3.00000 (14) obj. 26.0055 iterations 4
Cbc0038I Pass   5: suminf.    3.00000 (14) obj. 26.0055 iterations 4
Cbc0038I Pass   6: suminf.    3.25714 (18) obj. 25.0055 iterations 15
Cbc0038I Pass   7: suminf.    3.24444 (18) obj. 25.0055 iterations 5
Cbc0038I Pass   8: suminf.    3.33333 (20) obj. 25.0055 iterations 10
Cbc0038I Pass   9: suminf.    3.00000 (14) obj. 25.0055 iterations 4
Cbc0038I Pass  10: suminf.    3.00000 (14) obj. 25.0055 iterations 5
Cbc0038I Pass  11: suminf.    0.42857 (1) obj. 25.5769 iterations 10
Cbc0038I Pass  12: suminf.    0.42857 (1) obj. 25.5769 iterations 5
Cbc0038I Solution found of 25.0055
Cbc0038I Rounding solution of 26.0055 is better than previous of 25.0055

Cbc0038I Before mini branch and bound, 0 integers at bound fixed and 0 continuous
Cbc0038I Full problem 74 rows 35 columns, reduced to 72 rows 35 columns
Cbc0038I Mini branch and bound improved solution from 26.0055 to 27.0055 (0.02 seconds)
Cbc0038I Round again with cutoff of 27.2198
Cbc0038I Pass  13: suminf.    4.00000 (19) obj. 28.6722 iterations 0
Cbc0038I Pass  14: suminf.    3.93878 (25) obj. 28.6382 iterations 5
Cbc0038I Pass  15: suminf.    0.57143 (2) obj. 27.4341 iterations 24
Cbc0038I Pass  16: suminf.    0.57143 (2) obj. 27.4341 iterations 6
Cbc0038I Pass  17: suminf.    0.50001 (2) obj. 27.2198 iterations 2
Cbc0038I Pass  18: suminf.    0.50001 (2) obj. 27.2198 iterations 0
Cbc0038I Pass  19: suminf.    0.21429 (1) obj. 27.2198 iterations 1
Cbc0038I Pass  20: suminf.    0.14286 (1) obj. 27.8627 iterations 1
Cbc0038I Pass  21: suminf.    0.50004 (2) obj. 27.2198 iterations 12
Cbc0038I Pass  22: suminf.    0.50004 (2) obj. 27.2198 iterations 6
Cbc0038I Pass  23: suminf.    0.50004 (2) obj. 27.2198 iterations 1
Cbc0038I Pass  24: suminf.    0.50004 (2) obj. 27.2198 iterations 10
Cbc0038I Pass  25: suminf.    0.50004 (2) obj. 27.2198 iterations 7
Cbc0038I Pass  26: suminf.    0.50004 (2) obj. 27.2198 iterations 7
Cbc0038I Pass  27: suminf.    0.50004 (2) obj. 27.2198 iterations 17
Cbc0038I Pass  28: suminf.    0.50004 (2) obj. 27.2198 iterations 9
Cbc0038I Pass  29: suminf.    0.50004 (2) obj. 27.2198 iterations 5
Cbc0038I Pass  30: suminf.    0.57143 (2) obj. 27.4341 iterations 15
Cbc0038I Pass  31: suminf.    0.57143 (2) obj. 27.4341 iterations 7
Cbc0038I Pass  32: suminf.    0.50004 (2) obj. 27.2198 iterations 6
Cbc0038I Pass  33: suminf.    0.50004 (2) obj. 27.2198 iterations 1
Cbc0038I Pass  34: suminf.    0.50004 (2) obj. 27.2198 iterations 1
Cbc0038I Pass  35: suminf.    4.09593 (22) obj. 27.2198 iterations 33
Cbc0038I Pass  36: suminf.    4.05239 (22) obj. 27.2198 iterations 3
Cbc0038I Pass  37: suminf.    4.08570 (21) obj. 27.2198 iterations 3
Cbc0038I Pass  38: suminf.    3.55556 (20) obj. 27.6944 iterations 6
Cbc0038I Pass  39: suminf.    3.64288 (22) obj. 27.2198 iterations 15
Cbc0038I Pass  40: suminf.    3.30954 (16) obj. 27.2198 iterations 8
Cbc0038I Pass  41: suminf.    3.50002 (16) obj. 27.2198 iterations 6
Cbc0038I Pass  42: suminf.    3.50002 (16) obj. 27.2198 iterations 7
Cbc0038I No solution found this major pass
Cbc0038I Before mini branch and bound, 0 integers at bound fixed and 0 continuous
Cbc0038I Full problem 74 rows 35 columns, reduced to 72 rows 35 columns
Cbc0038I Mini branch and bound did not improve solution (0.02 seconds)
Cbc0038I After 0.02 seconds - Feasibility pump exiting with objective of 27.0055 - took 0.02 seconds
Cbc0012I Integer solution of 27.005532 found by feasibility pump after 0 iterations and 0 nodes (0.02 seconds)
Cbc0031I 5 added rows had average density of 19.2
Cbc0013I At root node, 24 cuts changed objective from 29.14839 to 27.005532 in 2 passes
Cbc0014I Cut generator 0 (Probing) - 0 row cuts average 0.0 elements, 8 column cuts (8 active)  in 0.000 seconds - new frequency is 1
Cbc0014I Cut generator 1 (Gomory) - 19 row cuts average 23.5 elements, 0 column cuts (0 active)  in 0.000 seconds - new frequency is 1
Cbc0014I Cut generator 2 (Knapsack) - 2 row cuts average 6.5 elements, 0 column cuts (0 active)  in 0.000 seconds - new frequency is 1
Cbc0014I Cut generator 3 (Clique) - 0 row cuts average 0.0 elements, 0 column cuts (0 active)  in 0.000 seconds - new frequency is -100
Cbc0014I Cut generator 4 (MixedIntegerRounding2) - 0 row cuts average 0.0 elements, 0 column cuts (0 active)  in 0.000 seconds - new frequency is -100
Cbc0014I Cut generator 5 (FlowCover) - 0 row cuts average 0.0 elements, 0 column cuts (0 active)  in 0.000 seconds - new frequency is -100
Cbc0014I Cut generator 6 (TwoMirCuts) - 27 row cuts average 20.9 elements, 0 column cuts (0 active)  in 0.000 seconds - new frequency is -100
Cbc0001I Search completed - best objective 27.005532, took 16 iterations and 0 nodes (0.03 seconds)
Cbc0035I Maximum depth 0, 2 variables fixed on reduced cost
Cuts at root node changed objective from 29.1484 to 27.0055
Probing was tried 2 times and created 8 cuts of which 0 were active after adding rounds of cuts (0.000 seconds)
Gomory was tried 2 times and created 19 cuts of which 0 were active after adding rounds of cuts (0.000 seconds)
Knapsack was tried 2 times and created 2 cuts of which 0 were active after adding rounds of cuts (0.000 seconds)
Clique was tried 2 times and created 0 cuts of which 0 were active after adding rounds of cuts (0.000 seconds)
MixedIntegerRounding2 was tried 2 times and created 0 cuts of which 0 were active after adding rounds of cuts (0.000 seconds)
FlowCover was tried 2 times and created 0 cuts of which 0 were active after adding rounds of cuts (0.000 seconds)
TwoMirCuts was tried 2 times and created 27 cuts of which 0 were active after adding rounds of cuts (0.000 seconds)
ZeroHalf was tried 1 times and created 0 cuts of which 0 were active after adding rounds of cuts (0.001 seconds)

Result - Optimal solution found

Objective value:                27.00553200
Enumerated nodes:               0
Total iterations:               16
Time (CPU seconds):             0.03
Time (Wallclock seconds):       0.03

Total time (CPU seconds):       0.03   (Wallclock seconds):       0.03

