Welcome to the CBC MILP Solver 
Version: 2.10.12 
Build Date: Aug 20 2024 

command line - /opt/homebrew/bin/cbc computational_data/real_data/lp/wdbc_trial_008_lex.lp seconds 10.0 solve solu computational_data/real_data/solutions/wdbc_trial_008_lex.sol (default strategy 1)
 CoinLpIO::readLp(): Maximization problem reformulated as minimization
Coin0009I Switching back to maximization to get correct duals etc
seconds was changed from 1e+100 to 10
Continuous objective value is 8.46608 - 0.00 seconds
Cgl0003I 0 fixed, 0 tightened bounds, 44 strengthened rows, 4 substitutions
Cgl0003I 0 fixed, 0 tightened bounds, 41 strengthened rows, 0 substitutions
Cgl0003I 0 fixed, 0 tightened bounds, 35 strengthened rows, 0 substitutions
Cgl0003I 0 fixed, 0 tightened bounds, 20 strengthened rows, 0 substitutions
Cgl0003I 0 fixed, 0 tightened bounds, 7 strengthened rows, 0 substitutions
Cgl0003I 0 fixed, 0 tightened bounds, 6 strengthened rows, 0 substitutions
Cgl0003I 0 fixed, 0 tightened bounds, 5 strengthened rows, 0 substitutions
Cgl0003I 0 fixed, 0 tightened bounds, 2 strengthened rows, 0 substitutions
Cgl0003I 0 fixed, 0 tightened bounds, 2 strengthened rows, 0 substitutions
Cgl0004I processed model has 46 rows, 21 columns (21 integer (21 of which binary)) and 265 elements
Cbc0038I Initial state - 0 integers unsatisfied sum - 0
Cbc0038I Solution found of 8.36283
Cbc0038I Before mini branch and bound, 21 integers at bound fixed and 0 continuous
Cbc0038I Mini branch and bound did not improve solution (0.00 seconds)
Cbc0038I After 0.00 seconds - Feasibility pump exiting with objective of 8.36283 - took 0.00 seconds
Cbc0012I Integer solution of 8.362833 found by feasibility pump after 0 iterations and 0 nodes (0.00 seconds)
Cbc0001I Search completed - best objective 8.362833, took 0 iterations and 0 nodes (0.00 seconds)
Cbc0035I Maximum depth 0, 0 variables fixed on reduced cost
Cuts at root node changed objective from 8.36283 to 8.36283
Probing was tried 0 times and created 0 cuts of which 0 were active after adding rounds of cuts (0.000 seconds)
Gomory was tried 0 times and created 0 cuts of which 0 were active after adding rounds of cuts (0.000 seconds)
Knapsack was tried 0 times and created 0 cuts of which 0 were active after adding rounds of cuts (0.000 seconds)
Clique was tried 0 times and created 0 cuts of which 0 were active after adding rounds of cuts (0.000 seconds)
MixedIntegerRounding2 was tried 0 times and created 0 cuts of which 0 were active after adding rounds of cuts (0.000 seconds)
FlowCover was tried 0 times and created 0 cuts of which 0 were active after adding rounds of cuts (0.000 seconds)
TwoMirCuts was tried 0 times and created 0 cuts of which 0 were active after adding rounds of cuts (0.000 seconds)
ZeroHalf was tried 0 times and created 0 cuts of which 0 were active after adding rounds of cuts (0.000 seconds)

Result - Optimal solution found

Objective value:                8.36283300
Enumerated nodes:               0
Total iterations:               0
Time (CPU seconds):             0.00
Time (Wallclock seconds):       0.00

Total time (CPU seconds):       0.00   (Wallclock seconds):       0.01

