Welcome to the CBC MILP Solver 
Version: 2.10.12 
Build Date: Aug 20 2024 

command line - /opt/homebrew/bin/cbc computational_data/real_data/lp/wine_trial_004_margin.lp seconds 10.0 solve solu computational_data/real_data/solutions/wine_trial_004_margin.sol (default strategy 1)
 CoinLpIO::readLp(): Maximization problem reformulated as minimization
Coin0009I Switching back to maximization to get correct duals etc
seconds was changed from 1e+100 to 10
Continuous objective value is 35.9084 - 0.00 seconds
Cgl0003I 0 fixed, 0 tightened bounds, 60 strengthened rows, 0 substitutions
Cgl0003I 0 fixed, 0 tightened bounds, 43 strengthened rows, 0 substitutions
Cgl0003I 0 fixed, 0 tightened bounds, 32 strengthened rows, 0 substitutions
Cgl0003I 0 fixed, 0 tightened bounds, 27 strengthened rows, 0 substitutions
Cgl0003I 0 fixed, 0 tightened bounds, 11 strengthened rows, 0 substitutions
Cgl0003I 0 fixed, 0 tightened bounds, 8 strengthened rows, 0 substitutions
Cgl0003I 0 fixed, 0 tightened bounds, 8 strengthened rows, 0 substitutions
Cgl0003I 0 fixed, 0 tightened bounds, 6 strengthened rows, 0 substitutions
Cgl0003I 0 fixed, 0 tightened bounds, 3 strengthened rows, 0 substitutions
Cgl0004I processed model has 56 rows, 27 columns (27 integer (26 of which binary)) and 390 elements
Cbc0038I Initial state - 10 integers unsatisfied sum - 4.6
Cbc0038I Pass   1: suminf.    0.10000 (1) obj. 35.9084 iterations 11
Cbc0038I Pass   2: suminf.    0.10000 (1) obj. 35.9084 iterations 3
Cbc0038I Solution found of 35.0084
Cbc0038I Cleaned solution of 35.0084
Cbc0038I Before mini branch and bound, 14 integers at bound fixed and 0 continuous
Cbc0038I Full problem 56 rows 27 columns, reduced to 27 rows 12 columns
Cbc0038I Mini branch and bound did not improve solution (0.01 seconds)
Cbc0038I Round again with cutoff of 35.0984
Cbc0038I Reduced cost fixing fixed 2 variables on major pass 2
Cbc0038I Pass   3: suminf.    0.10000 (1) obj. 35.9084 iterations 0
Cbc0038I Pass   4: suminf.    0.10000 (1) obj. 35.9084 iterations 7
Cbc0038I Pass   5: suminf.    0.09001 (1) obj. 35.0984 iterations 3
Cbc0038I Pass   6: suminf.    2.59004 (6) obj. 35.0984 iterations 26
Cbc0038I Pass   7: suminf.    2.59004 (6) obj. 35.0984 iterations 8
Cbc0038I Pass   8: suminf.    2.59004 (6) obj. 35.0984 iterations 2
Cbc0038I Pass   9: suminf.    2.59004 (6) obj. 35.0984 iterations 4
Cbc0038I Pass  10: suminf.    0.09001 (1) obj. 35.0984 iterations 6
Cbc0038I Pass  11: suminf.    0.09001 (1) obj. 35.0984 iterations 5
Cbc0038I Pass  12: suminf.    0.10000 (1) obj. 35.9084 iterations 4
Cbc0038I Pass  13: suminf.    3.16667 (10) obj. 35.8417 iterations 12
Cbc0038I Pass  14: suminf.    0.10000 (1) obj. 35.9084 iterations 6
Cbc0038I Pass  15: suminf.    0.10000 (1) obj. 35.9084 iterations 4
Cbc0038I Pass  16: suminf.    0.09001 (1) obj. 35.0984 iterations 1
Cbc0038I Pass  17: suminf.    2.75668 (9) obj. 35.0984 iterations 6
Cbc0038I Pass  18: suminf.    0.09001 (1) obj. 35.0984 iterations 13
Cbc0038I Pass  19: suminf.    2.69000 (11) obj. 35.0984 iterations 9
Cbc0038I Pass  20: suminf.    0.09001 (1) obj. 35.0984 iterations 7
Cbc0038I Pass  21: suminf.    0.09001 (1) obj. 35.0984 iterations 0
Cbc0038I Pass  22: suminf.    0.10000 (1) obj. 35.9084 iterations 1
Cbc0038I Pass  23: suminf.    0.10000 (1) obj. 35.9084 iterations 8
Cbc0038I Pass  24: suminf.    0.10000 (1) obj. 35.9084 iterations 3
Cbc0038I Pass  25: suminf.    0.09001 (1) obj. 35.0984 iterations 1
Cbc0038I Pass  26: suminf.    0.09001 (1) obj. 35.0984 iterations 3
Cbc0038I Pass  27: suminf.    0.09001 (1) obj. 35.0984 iterations 2
Cbc0038I Pass  28: suminf.    0.10000 (1) obj. 35.9084 iterations 1
Cbc0038I Pass  29: suminf.    0.10000 (1) obj. 35.9084 iterations 10
Cbc0038I Pass  30: suminf.    0.10000 (1) obj. 35.9084 iterations 7
Cbc0038I Pass  31: suminf.    0.09001 (1) obj. 35.0984 iterations 2
Cbc0038I Pass  32: suminf.    0.09001 (1) obj. 35.0984 iterations 12
Cbc0038I No solution found this major pass
Cbc0038I Before mini branch and bound, 5 integers at bound fixed and 0 continuous
Cbc0038I Full problem 56 rows 27 columns, reduced to 46 rows 21 columns
Cbc0038I Mini branch and bound did not improve solution (0.01 seconds)
Cbc0038I After 0.01 seconds - Feasibility pump exiting with objective of 35.0084 - took 0.00 seconds
Cbc0012I Integer solution of 35.008388 found by feasibility pump after 0 iterations and 0 nodes (0.01 seconds)
Cbc0038I Full problem 56 rows 27 columns, reduced to 27 rows 12 columns
Cbc0031I 5 added rows had average density of 14
Cbc0013I At root node, 11 cuts changed objective from 35.908389 to 35.008388 in 2 passes
Cbc0014I Cut generator 0 (Probing) - 3 row cuts average 2.3 elements, 1 column cuts (1 active)  in 0.000 seconds - new frequency is 1
Cbc0014I Cut generator 1 (Gomory) - 4 row cuts average 18.5 elements, 0 column cuts (0 active)  in 0.000 seconds - new frequency is 1
Cbc0014I Cut generator 2 (Knapsack) - 0 row cuts average 0.0 elements, 0 column cuts (0 active)  in 0.000 seconds - new frequency is -100
Cbc0014I Cut generator 3 (Clique) - 0 row cuts average 0.0 elements, 0 column cuts (0 active)  in 0.000 seconds - new frequency is -100
Cbc0014I Cut generator 4 (MixedIntegerRounding2) - 0 row cuts average 0.0 elements, 0 column cuts (0 active)  in 0.000 seconds - new frequency is -100
Cbc0014I Cut generator 5 (FlowCover) - 0 row cuts average 0.0 elements, 0 column cuts (0 active)  in 0.000 seconds - new frequency is -100
Cbc0014I Cut generator 6 (TwoMirCuts) - 7 row cuts average 13.7 elements, 0 column cuts (0 active)  in 0.000 seconds - new frequency is -100
Cbc0001I Search completed - best objective 35.00838799999999, took 10 iterations and 0 nodes (0.01 seconds)
Cbc0035I Maximum depth 0, 2 variables fixed on reduced cost
Cuts at root node changed objective from 35.9084 to 35.0084
Probing was tried 2 times and created 4 cuts of which 0 were active after adding rounds of cuts (0.000 seconds)
Gomory was tried 2 times and created 4 cuts of which 0 were active after adding rounds of cuts (0.000 seconds)
Knapsack was tried 2 times and created 0 cuts of which 0 were active after adding rounds of cuts (0.000 seconds)
Clique was tried 2 times and created 0 cuts of which 0 were active after adding rounds of cuts (0.000 seconds)
MixedIntegerRounding2 was tried 2 times and created 0 cuts of which 0 were active after adding rounds of cuts (0.000 seconds)
FlowCover was tried 2 times and created 0 cuts of which 0 were active after adding rounds of cuts (0.000 seconds)
TwoMirCuts was tried 2 times and created 7 cuts of which 0 were active after adding rounds of cuts (0.000 seconds)
ZeroHalf was tried 1 times and created 0 cuts of which 0 were active after adding rounds of cuts (0.000 seconds)

Result - Optimal solution found

Objective value:                35.00838800
Enumerated nodes:               0
Total iterations:               10
Time (CPU seconds):             0.01
Time (Wallclock seconds):       0.01

Total time (CPU seconds):       0.01   (Wallclock seconds):       0.01

