Welcome to the CBC MILP Solver 
Version: 2.10.12 
Build Date: Aug 20 2024 

command line - /opt/homebrew/bin/cbc computational_data/lp/ER_n20_p020_s1.lp seconds 10.0 solve solu computational_data/solutions/ER_n20_p020_s1.sol (default strategy 1)
seconds was changed from 1e+100 to 10
Continuous objective value is 7.84615 - 0.00 seconds
Cgl0003I 0 fixed, 0 tightened bounds, 13 strengthened rows, 0 substitutions
Cgl0003I 0 fixed, 0 tightened bounds, 14 strengthened rows, 0 substitutions
Cgl0003I 0 fixed, 0 tightened bounds, 10 strengthened rows, 0 substitutions
Cgl0004I processed model has 115 rows, 39 columns (39 integer (39 of which binary)) and 432 elements
Cutoff increment increased from 1e-05 to 0.9999
Cbc0038I Initial state - 24 integers unsatisfied sum - 6.97826
Cbc0038I Pass   1: suminf.    4.57143 (17) obj. 9.14286 iterations 27
Cbc0038I Pass   2: suminf.    0.00000 (0) obj. 10 iterations 28
Cbc0038I Solution found of 10
Cbc0038I Before mini branch and bound, 12 integers at bound fixed and 0 continuous
Cbc0038I Full problem 115 rows 39 columns, reduced to 72 rows 25 columns
Cbc0038I Mini branch and bound improved solution from 10 to 9 (0.01 seconds)
Cbc0038I After 0.01 seconds - Feasibility pump exiting with objective of 9 - took 0.00 seconds
Cbc0012I Integer solution of 9 found by feasibility pump after 0 iterations and 0 nodes (0.01 seconds)
Cbc0001I Search completed - best objective 9, took 0 iterations and 0 nodes (0.01 seconds)
Cbc0035I Maximum depth 0, 11 variables fixed on reduced cost
Cuts at root node changed objective from 8.28261 to 8.28261
Probing was tried 0 times and created 0 cuts of which 0 were active after adding rounds of cuts (0.000 seconds)
Gomory was tried 0 times and created 0 cuts of which 0 were active after adding rounds of cuts (0.000 seconds)
Knapsack was tried 0 times and created 0 cuts of which 0 were active after adding rounds of cuts (0.000 seconds)
Clique was tried 0 times and created 0 cuts of which 0 were active after adding rounds of cuts (0.000 seconds)
MixedIntegerRounding2 was tried 0 times and created 0 cuts of which 0 were active after adding rounds of cuts (0.000 seconds)
FlowCover was tried 0 times and created 0 cuts of which 0 were active after adding rounds of cuts (0.000 seconds)
TwoMirCuts was tried 0 times and created 0 cuts of which 0 were active after adding rounds of cuts (0.000 seconds)
ZeroHalf was tried 0 times and created 0 cuts of which 0 were active after adding rounds of cuts (0.000 seconds)

Result - Optimal solution found

Objective value:                9.00000000
Enumerated nodes:               0
Total iterations:               0
Time (CPU seconds):             0.01
Time (Wallclock seconds):       0.01

Total time (CPU seconds):       0.01   (Wallclock seconds):       0.01

