Welcome to the CBC MILP Solver 
Version: 2.10.12 
Build Date: Aug 20 2024 

command line - /opt/homebrew/bin/cbc computational_data/lp/ER_n30_p035_s6.lp seconds 10.0 solve solu computational_data/solutions/ER_n30_p035_s6.sol (default strategy 1)
seconds was changed from 1e+100 to 10
Continuous objective value is 5.47024 - 0.00 seconds
Cgl0003I 0 fixed, 0 tightened bounds, 194 strengthened rows, 0 substitutions
Cgl0003I 0 fixed, 0 tightened bounds, 130 strengthened rows, 0 substitutions
Cgl0003I 0 fixed, 0 tightened bounds, 57 strengthened rows, 0 substitutions
Cgl0003I 0 fixed, 0 tightened bounds, 25 strengthened rows, 0 substitutions
Cgl0003I 0 fixed, 0 tightened bounds, 2 strengthened rows, 0 substitutions
Cgl0004I processed model has 236 rows, 60 columns (60 integer (60 of which binary)) and 1297 elements
Cutoff increment increased from 1e-05 to 0.9999
Cbc0038I Initial state - 36 integers unsatisfied sum - 5.47024
Cbc0038I Pass   1: suminf.    5.47246 (36) obj. 5.47246 iterations 3
Cbc0038I Pass   2: suminf.    6.66667 (20) obj. 10 iterations 73
Cbc0038I Pass   3: suminf.    0.00000 (0) obj. 13 iterations 41
Cbc0038I Solution found of 13
Cbc0038I Before mini branch and bound, 22 integers at bound fixed and 0 continuous
Cbc0038I Full problem 236 rows 60 columns, reduced to 187 rows 38 columns - 5 fixed gives 47, 16 - ok now
Cbc0038I Full problem 236 rows 60 columns, reduced to 46 rows 16 columns
Cbc0038I Mini branch and bound improved solution from 13 to 10 (0.01 seconds)
Cbc0038I Round again with cutoff of 8.64711
Cbc0038I Pass   4: suminf.    5.47246 (36) obj. 5.47246 iterations 0
Cbc0038I Pass   5: suminf.    1.29392 (10) obj. 8.64711 iterations 61
Cbc0038I Pass   6: suminf.    0.70577 (4) obj. 8.64711 iterations 35
Cbc0038I Pass   7: suminf.    0.00000 (0) obj. 8 iterations 44
Cbc0038I Solution found of 8
Cbc0038I Before mini branch and bound, 22 integers at bound fixed and 0 continuous
Cbc0038I Full problem 236 rows 60 columns, reduced to 190 rows 38 columns - 2 fixed gives 91, 24 - ok now
Cbc0038I Full problem 236 rows 60 columns, reduced to 90 rows 24 columns
Cbc0038I Mini branch and bound did not improve solution (0.02 seconds)
Cbc0038I Round again with cutoff of 6.69413
Cbc0038I Pass   8: suminf.    5.47246 (36) obj. 5.47246 iterations 0
Cbc0038I Pass   9: suminf.    5.02746 (15) obj. 6.69413 iterations 59
Cbc0038I Pass  10: suminf.    4.34092 (25) obj. 6.69413 iterations 39
Cbc0038I Pass  11: suminf.    3.89729 (28) obj. 6.69413 iterations 22
Cbc0038I Pass  12: suminf.    5.86277 (29) obj. 6.69413 iterations 45
Cbc0038I Pass  13: suminf.    4.76865 (24) obj. 6.69413 iterations 38
Cbc0038I Pass  14: suminf.    4.53863 (27) obj. 6.69413 iterations 16
Cbc0038I Pass  15: suminf.    4.98352 (23) obj. 6.69413 iterations 57
Cbc0038I Pass  16: suminf.    4.55587 (20) obj. 6.69413 iterations 29
Cbc0038I Pass  17: suminf.    4.19961 (23) obj. 6.69413 iterations 19
Cbc0038I Pass  18: suminf.    4.11481 (18) obj. 6.69413 iterations 12
Cbc0038I Pass  19: suminf.    5.57528 (25) obj. 6.69413 iterations 42
Cbc0038I Pass  20: suminf.    4.65033 (26) obj. 6.69413 iterations 36
Cbc0038I Pass  21: suminf.    4.75505 (21) obj. 6.69413 iterations 46
Cbc0038I Pass  22: suminf.    4.30587 (18) obj. 6.69413 iterations 14
Cbc0038I Pass  23: suminf.    4.63463 (20) obj. 6.69413 iterations 42
Cbc0038I Pass  24: suminf.    4.15237 (24) obj. 6.69413 iterations 19
Cbc0038I Pass  25: suminf.    4.58140 (21) obj. 6.69413 iterations 33
Cbc0038I Pass  26: suminf.    3.66966 (23) obj. 6.69413 iterations 19
Cbc0038I Pass  27: suminf.    5.25148 (23) obj. 6.69413 iterations 59
Cbc0038I Pass  28: suminf.    3.59509 (24) obj. 6.69413 iterations 33
Cbc0038I Pass  29: suminf.    3.46672 (24) obj. 6.69413 iterations 11
Cbc0038I Pass  30: suminf.    5.65696 (22) obj. 6.69413 iterations 59
Cbc0038I Pass  31: suminf.    4.59072 (26) obj. 6.69413 iterations 33
Cbc0038I Pass  32: suminf.    4.43747 (28) obj. 6.69413 iterations 14
Cbc0038I Pass  33: suminf.    5.47621 (24) obj. 6.69413 iterations 40
Cbc0038I Pass  34: suminf.    3.73009 (27) obj. 6.69413 iterations 32
Cbc0038I Pass  35: suminf.    3.60846 (29) obj. 6.69413 iterations 13
Cbc0038I Pass  36: suminf.    5.86352 (23) obj. 6.69413 iterations 70
Cbc0038I Pass  37: suminf.    3.86842 (26) obj. 6.69413 iterations 47
Cbc0038I No solution found this major pass
Cbc0038I Before mini branch and bound, 2 integers at bound fixed and 0 continuous
Cbc0038I Full problem 236 rows 60 columns, reduced to 235 rows 58 columns - 2 fixed gives 131, 33 - ok now
Cbc0038I Full problem 236 rows 60 columns, reduced to 113 rows 28 columns
Cbc0038I Mini branch and bound did not improve solution (0.03 seconds)
Cbc0038I After 0.03 seconds - Feasibility pump exiting with objective of 8 - took 0.02 seconds
Cbc0012I Integer solution of 8 found by feasibility pump after 0 iterations and 0 nodes (0.03 seconds)
Cbc0038I Full problem 236 rows 60 columns, reduced to 190 rows 38 columns - 2 fixed gives 91, 24 - ok now
Cbc0038I Full problem 236 rows 60 columns, reduced to 78 rows 22 columns
Cbc0031I 2 added rows had average density of 60
Cbc0013I At root node, 2 cuts changed objective from 5.4702353 to 6 in 100 passes
Cbc0014I Cut generator 0 (Probing) - 0 row cuts average 0.0 elements, 0 column cuts (0 active)  in 0.029 seconds - new frequency is -100
Cbc0014I Cut generator 1 (Gomory) - 1934 row cuts average 60.0 elements, 0 column cuts (0 active)  in 0.018 seconds - new frequency is 1
Cbc0014I Cut generator 2 (Knapsack) - 0 row cuts average 0.0 elements, 0 column cuts (0 active)  in 0.004 seconds - new frequency is -100
Cbc0014I Cut generator 3 (Clique) - 0 row cuts average 0.0 elements, 0 column cuts (0 active)  in 0.004 seconds - new frequency is -100
Cbc0014I Cut generator 4 (MixedIntegerRounding2) - 45 row cuts average 60.0 elements, 0 column cuts (0 active)  in 0.015 seconds - new frequency is -100
Cbc0014I Cut generator 5 (FlowCover) - 0 row cuts average 0.0 elements, 0 column cuts (0 active)  in 0.001 seconds - new frequency is -100
Cbc0010I After 0 nodes, 1 on tree, 8 best solution, best possible 6 (0.19 seconds)
Cbc0038I Full problem 236 rows 60 columns, reduced to 130 rows 29 columns
Cbc0001I Search completed - best objective 8, took 7707 iterations and 88 nodes (0.50 seconds)
Cbc0032I Strong branching done 1298 times (24506 iterations), fathomed 15 nodes and fixed 25 variables
Cbc0035I Maximum depth 18, 175 variables fixed on reduced cost
Cuts at root node changed objective from 5.47024 to 6
Probing was tried 100 times and created 0 cuts of which 0 were active after adding rounds of cuts (0.029 seconds)
Gomory was tried 130 times and created 1934 cuts of which 0 were active after adding rounds of cuts (0.021 seconds)
Knapsack was tried 100 times and created 0 cuts of which 0 were active after adding rounds of cuts (0.004 seconds)
Clique was tried 100 times and created 0 cuts of which 0 were active after adding rounds of cuts (0.004 seconds)
MixedIntegerRounding2 was tried 100 times and created 45 cuts of which 0 were active after adding rounds of cuts (0.015 seconds)
FlowCover was tried 100 times and created 0 cuts of which 0 were active after adding rounds of cuts (0.001 seconds)
TwoMirCuts was tried 1 times and created 0 cuts of which 0 were active after adding rounds of cuts (0.000 seconds)
ZeroHalf was tried 1 times and created 0 cuts of which 0 were active after adding rounds of cuts (0.001 seconds)

Result - Optimal solution found

Objective value:                8.00000000
Enumerated nodes:               88
Total iterations:               7707
Time (CPU seconds):             0.51
Time (Wallclock seconds):       0.53

Total time (CPU seconds):       0.51   (Wallclock seconds):       0.53

