Welcome to the CBC MILP Solver 
Version: 2.10.12 
Build Date: Aug 20 2024 

command line - /opt/homebrew/bin/cbc computational_data/lp/ER_n20_p020_s2.lp seconds 10.0 solve solu computational_data/solutions/ER_n20_p020_s2.sol (default strategy 1)
seconds was changed from 1e+100 to 10
Continuous objective value is 7.6 - 0.00 seconds
Cgl0003I 0 fixed, 0 tightened bounds, 15 strengthened rows, 0 substitutions
Cgl0003I 0 fixed, 0 tightened bounds, 14 strengthened rows, 0 substitutions
Cgl0003I 0 fixed, 0 tightened bounds, 10 strengthened rows, 0 substitutions
Cgl0003I 0 fixed, 0 tightened bounds, 2 strengthened rows, 0 substitutions
Cgl0003I 0 fixed, 0 tightened bounds, 2 strengthened rows, 0 substitutions
Cgl0004I processed model has 117 rows, 39 columns (39 integer (39 of which binary)) and 438 elements
Cutoff increment increased from 1e-05 to 0.9999
Cbc0038I Initial state - 29 integers unsatisfied sum - 7.20455
Cbc0038I Pass   1: suminf.    5.70833 (22) obj. 8.625 iterations 23
Cbc0038I Pass   2: suminf.    4.75000 (14) obj. 9.25 iterations 14
Cbc0038I Pass   3: suminf.    5.00000 (10) obj. 12 iterations 33
Cbc0038I Pass   4: suminf.    0.00000 (0) obj. 10 iterations 18
Cbc0038I Solution found of 10
Cbc0038I Before mini branch and bound, 7 integers at bound fixed and 0 continuous
Cbc0038I Full problem 117 rows 39 columns, reduced to 97 rows 32 columns
Cbc0038I Mini branch and bound improved solution from 10 to 9 (0.01 seconds)
Cbc0038I Round again with cutoff of 7.98645
Cbc0038I Reduced cost fixing fixed 8 variables on major pass 2
Cbc0038I Pass   5: suminf.    6.33282 (26) obj. 7.98645 iterations 15
Cbc0038I Pass   6: suminf.    6.12849 (24) obj. 7.98645 iterations 4
Cbc0038I Pass   7: suminf.    6.12849 (24) obj. 7.98645 iterations 1
Cbc0038I Pass   8: suminf.    6.88546 (22) obj. 7.98645 iterations 13
Cbc0038I Pass   9: suminf.    6.87192 (24) obj. 7.98645 iterations 9
Cbc0038I Pass  10: suminf.    6.42816 (21) obj. 7.98645 iterations 8
Cbc0038I Pass  11: suminf.    6.12849 (23) obj. 7.98645 iterations 7
Cbc0038I Pass  12: suminf.    6.38546 (21) obj. 7.98645 iterations 15
Cbc0038I Pass  13: suminf.    6.33128 (23) obj. 7.98645 iterations 7
Cbc0038I Pass  14: suminf.    6.23337 (23) obj. 7.98645 iterations 1
Cbc0038I Pass  15: suminf.    6.42816 (21) obj. 7.98645 iterations 7
Cbc0038I Pass  16: suminf.    6.12849 (23) obj. 7.98645 iterations 3
Cbc0038I Pass  17: suminf.    6.74323 (24) obj. 7.98645 iterations 12
Cbc0038I Pass  18: suminf.    6.37542 (25) obj. 7.98645 iterations 9
Cbc0038I Pass  19: suminf.    6.24173 (26) obj. 7.98645 iterations 3
Cbc0038I Pass  20: suminf.    6.80788 (26) obj. 7.98645 iterations 11
Cbc0038I Pass  21: suminf.    6.54567 (25) obj. 7.98645 iterations 7
Cbc0038I Pass  22: suminf.    6.42816 (21) obj. 7.98645 iterations 7
Cbc0038I Pass  23: suminf.    6.12849 (22) obj. 7.98645 iterations 9
Cbc0038I Pass  24: suminf.    6.39901 (21) obj. 7.98645 iterations 10
Cbc0038I Pass  25: suminf.    6.12192 (23) obj. 7.98645 iterations 5
Cbc0038I Pass  26: suminf.    6.12192 (25) obj. 7.98645 iterations 1
Cbc0038I Pass  27: suminf.    6.58114 (26) obj. 7.98645 iterations 9
Cbc0038I Pass  28: suminf.    6.31272 (27) obj. 7.98645 iterations 9
Cbc0038I Pass  29: suminf.    6.24173 (26) obj. 7.98645 iterations 1
Cbc0038I Pass  30: suminf.    6.39901 (21) obj. 7.98645 iterations 14
Cbc0038I Pass  31: suminf.    6.33128 (23) obj. 7.98645 iterations 5
Cbc0038I Pass  32: suminf.    6.23337 (23) obj. 7.98645 iterations 1
Cbc0038I Pass  33: suminf.    6.79741 (25) obj. 7.98645 iterations 15
Cbc0038I Pass  34: suminf.    6.77709 (24) obj. 7.98645 iterations 5
Cbc0038I No solution found this major pass
Cbc0038I Before mini branch and bound, 8 integers at bound fixed and 0 continuous
Cbc0038I Full problem 117 rows 39 columns, reduced to 93 rows 31 columns
Cbc0038I Mini branch and bound did not improve solution (0.01 seconds)
Cbc0038I After 0.01 seconds - Feasibility pump exiting with objective of 9 - took 0.01 seconds
Cbc0012I Integer solution of 9 found by feasibility pump after 0 iterations and 0 nodes (0.01 seconds)
Cbc0038I Full problem 117 rows 39 columns, reduced to 89 rows 29 columns
Cbc0031I 4 added rows had average density of 13.25
Cbc0013I At root node, 53 cuts changed objective from 7.8636364 to 8.5 in 1 passes
Cbc0014I Cut generator 0 (Probing) - 4 row cuts average 4.5 elements, 0 column cuts (0 active)  in 0.000 seconds - new frequency is 1
Cbc0014I Cut generator 1 (Gomory) - 17 row cuts average 26.5 elements, 0 column cuts (0 active)  in 0.000 seconds - new frequency is 1
Cbc0014I Cut generator 2 (Knapsack) - 0 row cuts average 0.0 elements, 0 column cuts (0 active)  in 0.000 seconds - new frequency is -100
Cbc0014I Cut generator 3 (Clique) - 0 row cuts average 0.0 elements, 0 column cuts (0 active)  in 0.000 seconds - new frequency is -100
Cbc0014I Cut generator 4 (MixedIntegerRounding2) - 0 row cuts average 0.0 elements, 0 column cuts (0 active)  in 0.000 seconds - new frequency is -100
Cbc0014I Cut generator 5 (FlowCover) - 0 row cuts average 0.0 elements, 0 column cuts (0 active)  in 0.000 seconds - new frequency is -100
Cbc0014I Cut generator 6 (TwoMirCuts) - 28 row cuts average 27.4 elements, 0 column cuts (0 active)  in 0.000 seconds - new frequency is -100
Cbc0014I Cut generator 7 (ZeroHalf) - 4 row cuts average 8.2 elements, 0 column cuts (0 active)  in 0.000 seconds - new frequency is 1
Cbc0001I Search completed - best objective 9, took 0 iterations and 0 nodes (0.02 seconds)
Cbc0035I Maximum depth 0, 8 variables fixed on reduced cost
Cuts at root node changed objective from 7.86364 to 8.5
Probing was tried 1 times and created 4 cuts of which 0 were active after adding rounds of cuts (0.000 seconds)
Gomory was tried 1 times and created 17 cuts of which 0 were active after adding rounds of cuts (0.000 seconds)
Knapsack was tried 1 times and created 0 cuts of which 0 were active after adding rounds of cuts (0.000 seconds)
Clique was tried 1 times and created 0 cuts of which 0 were active after adding rounds of cuts (0.000 seconds)
MixedIntegerRounding2 was tried 1 times and created 0 cuts of which 0 were active after adding rounds of cuts (0.000 seconds)
FlowCover was tried 1 times and created 0 cuts of which 0 were active after adding rounds of cuts (0.000 seconds)
TwoMirCuts was tried 1 times and created 28 cuts of which 0 were active after adding rounds of cuts (0.000 seconds)
ZeroHalf was tried 1 times and created 4 cuts of which 0 were active after adding rounds of cuts (0.000 seconds)

Result - Optimal solution found

Objective value:                9.00000000
Enumerated nodes:               0
Total iterations:               0
Time (CPU seconds):             0.02
Time (Wallclock seconds):       0.02

Total time (CPU seconds):       0.02   (Wallclock seconds):       0.02

