Welcome to the CBC MILP Solver 
Version: 2.10.12 
Build Date: Aug 20 2024 

command line - /opt/homebrew/bin/cbc computational_data/lp/Reg3_n40_s7.lp seconds 10.0 solve solu computational_data/solutions/Reg3_n40_s7.sol (default strategy 1)
seconds was changed from 1e+100 to 10
Continuous objective value is 16 - 0.00 seconds
Cgl0003I 0 fixed, 0 tightened bounds, 6 strengthened rows, 0 substitutions
Cgl0003I 0 fixed, 0 tightened bounds, 6 strengthened rows, 0 substitutions
Cgl0003I 0 fixed, 0 tightened bounds, 6 strengthened rows, 0 substitutions
Cgl0004I processed model has 230 rows, 80 columns (80 integer (80 of which binary)) and 782 elements
Cutoff increment increased from 1e-05 to 0.9999
Cbc0038I Initial state - 80 integers unsatisfied sum - 16
Cbc0038I Pass   1: suminf.   16.00354 (79) obj. 16.0035 iterations 2
Cbc0038I Pass   2: suminf.   11.71529 (46) obj. 17.4976 iterations 63
Cbc0038I Pass   3: suminf.    5.06667 (20) obj. 18.7333 iterations 46
Cbc0038I Pass   4: suminf.    0.00000 (0) obj. 19 iterations 31
Cbc0038I Solution found of 19
Cbc0038I Before mini branch and bound, 0 integers at bound fixed and 0 continuous
Cbc0038I Full problem 230 rows 80 columns, reduced to 230 rows 80 columns - 8 fixed gives 97, 42 - ok now
Cbc0038I Full problem 230 rows 80 columns, reduced to 78 rows 35 columns
Cbc0038I Mini branch and bound did not improve solution (0.01 seconds)
Cbc0038I Round again with cutoff of 17.8001
Cbc0038I Pass   5: suminf.   16.00354 (79) obj. 16.0035 iterations 0
Cbc0038I Pass   6: suminf.   12.70013 (42) obj. 17.8001 iterations 70
Cbc0038I Pass   7: suminf.    8.26007 (32) obj. 17.8001 iterations 50
Cbc0038I Pass   8: suminf.    7.72564 (51) obj. 17.8001 iterations 28
Cbc0038I Pass   9: suminf.    7.64677 (48) obj. 17.8001 iterations 13
Cbc0038I Pass  10: suminf.    7.21364 (53) obj. 17.8001 iterations 55
Cbc0038I Pass  11: suminf.    6.92855 (56) obj. 17.8001 iterations 19
Cbc0038I Pass  12: suminf.   11.89982 (50) obj. 17.8001 iterations 75
Cbc0038I Pass  13: suminf.   10.90826 (49) obj. 17.8001 iterations 35
Cbc0038I Pass  14: suminf.   10.09492 (47) obj. 17.8001 iterations 30
Cbc0038I Pass  15: suminf.    9.43451 (52) obj. 17.8001 iterations 20
Cbc0038I Pass  16: suminf.    9.22155 (50) obj. 17.8001 iterations 15
Cbc0038I Pass  17: suminf.    9.69211 (48) obj. 17.8001 iterations 37
Cbc0038I Pass  18: suminf.    8.64971 (51) obj. 17.8001 iterations 34
Cbc0038I Pass  19: suminf.   13.22416 (59) obj. 17.8001 iterations 56
Cbc0038I Pass  20: suminf.    9.68800 (43) obj. 17.8001 iterations 47
Cbc0038I Pass  21: suminf.    7.59973 (37) obj. 17.8001 iterations 47
Cbc0038I Pass  22: suminf.    6.59973 (30) obj. 17.8001 iterations 29
Cbc0038I Pass  23: suminf.    8.56712 (41) obj. 17.8001 iterations 63
Cbc0038I Pass  24: suminf.    2.57353 (57) obj. 17.8001 iterations 46
Cbc0038I Pass  25: suminf.    2.23288 (67) obj. 17.8001 iterations 25
Cbc0038I Pass  26: suminf.    7.11646 (33) obj. 17.8001 iterations 65
Cbc0038I Pass  27: suminf.    6.63971 (36) obj. 17.8001 iterations 42
Cbc0038I Pass  28: suminf.    7.48387 (31) obj. 17.8001 iterations 36
Cbc0038I Pass  29: suminf.    2.44890 (56) obj. 17.8001 iterations 52
Cbc0038I Pass  30: suminf.    2.23288 (67) obj. 17.8001 iterations 24
Cbc0038I Pass  31: suminf.   11.96591 (47) obj. 17.8001 iterations 77
Cbc0038I Pass  32: suminf.    9.64693 (48) obj. 17.8001 iterations 39
Cbc0038I Pass  33: suminf.    9.09058 (41) obj. 17.8001 iterations 29
Cbc0038I Pass  34: suminf.    8.61291 (41) obj. 17.8001 iterations 28
Cbc0038I No solution found this major pass
Cbc0038I Before mini branch and bound, 0 integers at bound fixed and 0 continuous
Cbc0038I Full problem 230 rows 80 columns, reduced to 230 rows 80 columns - 7 fixed gives 102, 45 - ok now
Cbc0038I Mini branch and bound did not improve solution (0.02 seconds)
Cbc0038I After 0.02 seconds - Feasibility pump exiting with objective of 19 - took 0.02 seconds
Cbc0012I Integer solution of 19 found by feasibility pump after 0 iterations and 0 nodes (0.02 seconds)
Cbc0031I 3 added rows had average density of 80
Cbc0013I At root node, 3 cuts changed objective from 16 to 17 in 100 passes
Cbc0014I Cut generator 0 (Probing) - 0 row cuts average 0.0 elements, 0 column cuts (0 active)  in 0.011 seconds - new frequency is -100
Cbc0014I Cut generator 1 (Gomory) - 2522 row cuts average 79.8 elements, 0 column cuts (0 active)  in 0.056 seconds - new frequency is 1
Cbc0014I Cut generator 2 (Knapsack) - 0 row cuts average 0.0 elements, 0 column cuts (0 active)  in 0.005 seconds - new frequency is -100
Cbc0014I Cut generator 3 (Clique) - 0 row cuts average 0.0 elements, 0 column cuts (0 active)  in 0.006 seconds - new frequency is -100
Cbc0014I Cut generator 4 (MixedIntegerRounding2) - 185 row cuts average 80.0 elements, 0 column cuts (0 active)  in 0.035 seconds - new frequency is -100
Cbc0014I Cut generator 5 (FlowCover) - 0 row cuts average 0.0 elements, 0 column cuts (0 active)  in 0.001 seconds - new frequency is -100
Cbc0010I After 0 nodes, 1 on tree, 19 best solution, best possible 17 (0.31 seconds)
Cbc0012I Integer solution of 18 found by DiveCoefficient after 7716 iterations and 25 nodes (0.43 seconds)
Cbc0001I Search completed - best objective 18, took 10462 iterations and 60 nodes (0.65 seconds)
Cbc0032I Strong branching done 1178 times (26135 iterations), fathomed 9 nodes and fixed 10 variables
Cbc0035I Maximum depth 8, 21 variables fixed on reduced cost
Cuts at root node changed objective from 16 to 17
Probing was tried 100 times and created 0 cuts of which 0 were active after adding rounds of cuts (0.011 seconds)
Gomory was tried 138 times and created 2532 cuts of which 0 were active after adding rounds of cuts (0.062 seconds)
Knapsack was tried 100 times and created 0 cuts of which 0 were active after adding rounds of cuts (0.005 seconds)
Clique was tried 100 times and created 0 cuts of which 0 were active after adding rounds of cuts (0.006 seconds)
MixedIntegerRounding2 was tried 100 times and created 185 cuts of which 0 were active after adding rounds of cuts (0.035 seconds)
FlowCover was tried 100 times and created 0 cuts of which 0 were active after adding rounds of cuts (0.001 seconds)
TwoMirCuts was tried 1 times and created 0 cuts of which 0 were active after adding rounds of cuts (0.001 seconds)
ZeroHalf was tried 1 times and created 0 cuts of which 0 were active after adding rounds of cuts (0.001 seconds)

Result - Optimal solution found

Objective value:                18.00000000
Enumerated nodes:               60
Total iterations:               10462
Time (CPU seconds):             0.65
Time (Wallclock seconds):       0.68

Total time (CPU seconds):       0.65   (Wallclock seconds):       0.68

